<?xml version="1.0" encoding="UTF-8"?>
<robot generator="Robot 4.1.1 (Python 3.9.7 on win32)" generated="20211005 20:45:30.040" rpa="false" schemaversion="2">
<suite id="s1" name="MeuTeste" source="C:\Users\chanr\OneDrive\2021\alura\robotframework\MeuTeste.robot">
<test id="s1-t1" name="Caso numero 01">
<kw name="Minha primeira keyword" library="MeuResource">
<kw name="Log To Console" library="BuiltIn">
<arg>$(/n)Oba!Executei meu primeiro teste com Robot</arg>
<doc>Logs the given message to the console.</doc>
<status status="PASS" starttime="20211005 20:45:30.072" endtime="20211005 20:45:30.073"/>
</kw>
<status status="PASS" starttime="20211005 20:45:30.071" endtime="20211005 20:45:30.073"/>
</kw>
<status status="PASS" starttime="20211005 20:45:30.071" endtime="20211005 20:45:30.073"/>
</test>
<status status="PASS" starttime="20211005 20:45:30.042" endtime="20211005 20:45:30.074"/>
</suite>
<statistics>
<total>
<stat pass="1" fail="0" skip="0">All Tests</stat>
</total>
<tag>
</tag>
<suite>
<stat pass="1" fail="0" skip="0" id="s1" name="MeuTeste">MeuTeste</stat>
</suite>
</statistics>
<errors>
</errors>
</robot>
